2023-06-27 19:20:15 INFO [com.example.yin.YinMusicApplication]: Starting YinMusicApplication using Java 11.0.18 on DESKTOP-LCUE70N with PID 1984 (E:\javaideaiu\class22\mic\music-server\target\classes started by 86158 in E:\javaideaiu\class22\mic\music-server)
2023-06-27 19:20:15 INFO [com.example.yin.YinMusicApplication]: No active profile set, falling back to default profiles: default
2023-06-27 19:20:15 INFO [org.springframework.boot.devtools.env.DevToolsPropertyDefaultsPostProcessor]: Devtools property defaults active! Set 'spring.devtools.add-properties' to 'false' to disable
2023-06-27 19:20:15 INFO [org.springframework.boot.devtools.env.DevToolsPropertyDefaultsPostProcessor]: For additional web related logging consider setting the 'logging.level.web' property to 'DEBUG'
2023-06-27 19:20:17 INFO [org.springframework.boot.web.embedded.tomcat.TomcatWebServer]: Tomcat initialized with port(s): 8888 (http)
2023-06-27 19:20:17 INFO [org.springframework.boot.web.servlet.context.ServletWebServerApplicationContext]: Root WebApplicationContext: initialization completed in 1437 ms
2023-06-27 19:20:17 INFO [org.springframework.boot.devtools.autoconfigure.OptionalLiveReloadServer]: LiveReload server is running on port 35729
2023-06-27 19:20:17 INFO [org.springframework.boot.web.embedded.tomcat.TomcatWebServer]: Tomcat started on port(s): 8888 (http) with context path ''
2023-06-27 19:20:17 INFO [com.example.yin.YinMusicApplication]: Started YinMusicApplication in 2.185 seconds (JVM running for 3.667)
2023-06-27 19:20:21 INFO [org.springframework.web.servlet.DispatcherServlet]: Initializing Servlet 'dispatcherServlet'
2023-06-27 19:20:21 INFO [org.springframework.web.servlet.DispatcherServlet]: Completed initialization in 15 ms
2023-06-27 19:20:21 INFO [com.zaxxer.hikari.HikariDataSource]: HikariPool-1 - Starting...
2023-06-27 19:20:22 INFO [com.zaxxer.hikari.HikariDataSource]: HikariPool-1 - Start completed.
2023-06-27 20:02:00 INFO [com.example.yin.YinMusicApplication]: Starting YinMusicApplication using Java 11.0.18 on DESKTOP-LCUE70N with PID 8252 (E:\javaideaiu\class22\mic\music-server\target\classes started by 86158 in E:\javaideaiu\class22\mic\music-server)
2023-06-27 20:02:00 INFO [com.example.yin.YinMusicApplication]: No active profile set, falling back to default profiles: default
2023-06-27 20:02:00 INFO [org.springframework.boot.devtools.env.DevToolsPropertyDefaultsPostProcessor]: Devtools property defaults active! Set 'spring.devtools.add-properties' to 'false' to disable
2023-06-27 20:02:00 INFO [org.springframework.boot.devtools.env.DevToolsPropertyDefaultsPostProcessor]: For additional web related logging consider setting the 'logging.level.web' property to 'DEBUG'
2023-06-27 20:02:02 INFO [org.springframework.boot.web.embedded.tomcat.TomcatWebServer]: Tomcat initialized with port(s): 8888 (http)
2023-06-27 20:02:02 INFO [org.springframework.boot.web.servlet.context.ServletWebServerApplicationContext]: Root WebApplicationContext: initialization completed in 1560 ms
2023-06-27 20:02:02 INFO [org.springframework.boot.devtools.autoconfigure.OptionalLiveReloadServer]: LiveReload server is running on port 35729
2023-06-27 20:02:02 INFO [org.springframework.boot.web.embedded.tomcat.TomcatWebServer]: Tomcat started on port(s): 8888 (http) with context path ''
2023-06-27 20:02:02 INFO [com.example.yin.YinMusicApplication]: Started YinMusicApplication in 2.408 seconds (JVM running for 3.829)
2023-06-27 20:02:03 INFO [org.springframework.web.servlet.DispatcherServlet]: Initializing Servlet 'dispatcherServlet'
2023-06-27 20:02:03 INFO [org.springframework.web.servlet.DispatcherServlet]: Completed initialization in 8 ms
2023-06-27 20:02:03 INFO [com.zaxxer.hikari.HikariDataSource]: HikariPool-1 - Starting...
2023-06-27 20:02:03 INFO [com.zaxxer.hikari.HikariDataSource]: HikariPool-1 - Start completed.
