2023-07-05 19:14:26 INFO [com.example.yin.YinMusicApplication]: Starting YinMusicApplication using Java 11.0.18 on DESKTOP-LCUE70N with PID 10916 (E:\javaideaiu\class22\mic\music-server\target\classes started by 86158 in E:\javaideaiu\class22\mic\music-server)
2023-07-05 19:14:26 INFO [com.example.yin.YinMusicApplication]: No active profile set, falling back to default profiles: default
2023-07-05 19:14:26 INFO [org.springframework.boot.devtools.env.DevToolsPropertyDefaultsPostProcessor]: Devtools property defaults active! Set 'spring.devtools.add-properties' to 'false' to disable
2023-07-05 19:14:26 INFO [org.springframework.boot.devtools.env.DevToolsPropertyDefaultsPostProcessor]: For additional web related logging consider setting the 'logging.level.web' property to 'DEBUG'
2023-07-05 19:14:28 INFO [org.springframework.boot.web.embedded.tomcat.TomcatWebServer]: Tomcat initialized with port(s): 8888 (http)
2023-07-05 19:14:28 INFO [org.springframework.boot.web.servlet.context.ServletWebServerApplicationContext]: Root WebApplicationContext: initialization completed in 2535 ms
2023-07-05 19:14:29 INFO [org.springframework.boot.devtools.autoconfigure.OptionalLiveReloadServer]: LiveReload server is running on port 35729
2023-07-05 19:14:29 INFO [org.springframework.boot.web.embedded.tomcat.TomcatWebServer]: Tomcat started on port(s): 8888 (http) with context path ''
2023-07-05 19:14:29 INFO [com.example.yin.YinMusicApplication]: Started YinMusicApplication in 3.582 seconds (JVM running for 4.557)
2023-07-05 19:15:10 INFO [org.springframework.web.servlet.DispatcherServlet]: Initializing Servlet 'dispatcherServlet'
2023-07-05 19:15:10 INFO [org.springframework.web.servlet.DispatcherServlet]: Completed initialization in 0 ms
2023-07-05 19:15:10 INFO [com.zaxxer.hikari.HikariDataSource]: HikariPool-1 - Starting...
2023-07-05 19:15:11 INFO [com.zaxxer.hikari.HikariDataSource]: HikariPool-1 - Start completed.
2023-07-05 21:44:01 WARN [com.zaxxer.hikari.pool.HikariPool]: HikariPool-1 - Thread starvation or clock leap detected (housekeeper delta=5m48s446ms562µs700ns).
2023-07-05 23:30:22 INFO [com.example.yin.YinMusicApplication]: Starting YinMusicApplication using Java 11.0.18 on DESKTOP-LCUE70N with PID 19904 (E:\javaideaiu\class22\mic\music-server\target\classes started by 86158 in E:\javaideaiu\class22\mic\music-server)
2023-07-05 23:30:22 INFO [com.example.yin.YinMusicApplication]: No active profile set, falling back to default profiles: default
2023-07-05 23:30:22 INFO [org.springframework.boot.devtools.env.DevToolsPropertyDefaultsPostProcessor]: Devtools property defaults active! Set 'spring.devtools.add-properties' to 'false' to disable
2023-07-05 23:30:22 INFO [org.springframework.boot.devtools.env.DevToolsPropertyDefaultsPostProcessor]: For additional web related logging consider setting the 'logging.level.web' property to 'DEBUG'
2023-07-05 23:30:25 INFO [org.springframework.boot.web.embedded.tomcat.TomcatWebServer]: Tomcat initialized with port(s): 8888 (http)
2023-07-05 23:30:25 INFO [org.springframework.boot.web.servlet.context.ServletWebServerApplicationContext]: Root WebApplicationContext: initialization completed in 2921 ms
2023-07-05 23:30:25 INFO [org.springframework.boot.devtools.autoconfigure.OptionalLiveReloadServer]: LiveReload server is running on port 35729
2023-07-05 23:30:25 INFO [org.springframework.boot.web.embedded.tomcat.TomcatWebServer]: Tomcat started on port(s): 8888 (http) with context path ''
2023-07-05 23:30:25 INFO [com.example.yin.YinMusicApplication]: Started YinMusicApplication in 4.175 seconds (JVM running for 4.953)
2023-07-05 23:30:56 INFO [org.springframework.web.servlet.DispatcherServlet]: Initializing Servlet 'dispatcherServlet'
2023-07-05 23:30:56 INFO [org.springframework.web.servlet.DispatcherServlet]: Completed initialization in 2 ms
2023-07-05 23:30:56 INFO [com.zaxxer.hikari.HikariDataSource]: HikariPool-1 - Starting...
2023-07-05 23:30:57 INFO [com.zaxxer.hikari.HikariDataSource]: HikariPool-1 - Start completed.
