2023-07-04 11:40:44 INFO [com.example.yin.YinMusicApplication]: Starting YinMusicApplication using Java 11.0.18 on DESKTOP-LCUE70N with PID 19216 (E:\javaideaiu\class22\mic\music-server\target\classes started by 86158 in E:\javaideaiu\class22\mic\music-server)
2023-07-04 11:40:44 INFO [com.example.yin.YinMusicApplication]: No active profile set, falling back to default profiles: default
2023-07-04 11:40:44 INFO [org.springframework.boot.devtools.env.DevToolsPropertyDefaultsPostProcessor]: Devtools property defaults active! Set 'spring.devtools.add-properties' to 'false' to disable
2023-07-04 11:40:44 INFO [org.springframework.boot.devtools.env.DevToolsPropertyDefaultsPostProcessor]: For additional web related logging consider setting the 'logging.level.web' property to 'DEBUG'
2023-07-04 11:40:46 INFO [org.springframework.boot.web.embedded.tomcat.TomcatWebServer]: Tomcat initialized with port(s): 8888 (http)
2023-07-04 11:40:47 INFO [org.springframework.boot.web.servlet.context.ServletWebServerApplicationContext]: Root WebApplicationContext: initialization completed in 2563 ms
2023-07-04 11:40:47 INFO [org.springframework.boot.devtools.autoconfigure.OptionalLiveReloadServer]: LiveReload server is running on port 35729
2023-07-04 11:40:47 INFO [org.springframework.boot.web.embedded.tomcat.TomcatWebServer]: Tomcat started on port(s): 8888 (http) with context path ''
2023-07-04 11:40:47 INFO [com.example.yin.YinMusicApplication]: Started YinMusicApplication in 3.627 seconds (JVM running for 4.469)
2023-07-04 11:41:22 INFO [com.example.yin.YinMusicApplication]: Starting YinMusicApplication using Java 11.0.18 on DESKTOP-LCUE70N with PID 17284 (E:\javaideaiu\class22\mic\music-server\target\classes started by 86158 in E:\javaideaiu\class22\mic\music-server)
2023-07-04 11:41:22 INFO [com.example.yin.YinMusicApplication]: No active profile set, falling back to default profiles: default
2023-07-04 11:41:23 INFO [org.springframework.boot.devtools.env.DevToolsPropertyDefaultsPostProcessor]: Devtools property defaults active! Set 'spring.devtools.add-properties' to 'false' to disable
2023-07-04 11:41:23 INFO [org.springframework.boot.devtools.env.DevToolsPropertyDefaultsPostProcessor]: For additional web related logging consider setting the 'logging.level.web' property to 'DEBUG'
2023-07-04 11:41:25 INFO [org.springframework.boot.web.embedded.tomcat.TomcatWebServer]: Tomcat initialized with port(s): 8888 (http)
2023-07-04 11:41:25 INFO [org.springframework.boot.web.servlet.context.ServletWebServerApplicationContext]: Root WebApplicationContext: initialization completed in 2718 ms
2023-07-04 11:41:26 INFO [org.springframework.boot.devtools.autoconfigure.OptionalLiveReloadServer]: LiveReload server is running on port 35729
2023-07-04 11:41:26 INFO [org.springframework.boot.web.embedded.tomcat.TomcatWebServer]: Tomcat started on port(s): 8888 (http) with context path ''
2023-07-04 11:41:26 INFO [com.example.yin.YinMusicApplication]: Started YinMusicApplication in 3.976 seconds (JVM running for 5.364)
2023-07-04 11:58:13 INFO [com.example.yin.YinMusicApplication]: Starting YinMusicApplication using Java 11.0.18 on DESKTOP-LCUE70N with PID 15100 (E:\javaideaiu\class22\mic\music-server\target\classes started by 86158 in E:\javaideaiu\class22\mic\music-server)
2023-07-04 11:58:13 INFO [com.example.yin.YinMusicApplication]: No active profile set, falling back to default profiles: default
2023-07-04 11:58:13 INFO [org.springframework.boot.devtools.env.DevToolsPropertyDefaultsPostProcessor]: Devtools property defaults active! Set 'spring.devtools.add-properties' to 'false' to disable
2023-07-04 11:58:13 INFO [org.springframework.boot.devtools.env.DevToolsPropertyDefaultsPostProcessor]: For additional web related logging consider setting the 'logging.level.web' property to 'DEBUG'
2023-07-04 11:58:15 INFO [org.springframework.boot.web.embedded.tomcat.TomcatWebServer]: Tomcat initialized with port(s): 8888 (http)
2023-07-04 11:58:15 INFO [org.springframework.boot.web.servlet.context.ServletWebServerApplicationContext]: Root WebApplicationContext: initialization completed in 2547 ms
2023-07-04 11:58:16 INFO [org.springframework.boot.devtools.autoconfigure.OptionalLiveReloadServer]: LiveReload server is running on port 35729
2023-07-04 11:58:16 INFO [org.springframework.boot.web.embedded.tomcat.TomcatWebServer]: Tomcat started on port(s): 8888 (http) with context path ''
2023-07-04 11:58:16 INFO [com.example.yin.YinMusicApplication]: Started YinMusicApplication in 3.61 seconds (JVM running for 4.34)
2023-07-04 11:58:23 INFO [org.springframework.web.servlet.DispatcherServlet]: Initializing Servlet 'dispatcherServlet'
2023-07-04 11:58:23 INFO [org.springframework.web.servlet.DispatcherServlet]: Completed initialization in 0 ms
2023-07-04 11:58:24 INFO [com.zaxxer.hikari.HikariDataSource]: HikariPool-1 - Starting...
2023-07-04 11:58:25 INFO [com.zaxxer.hikari.HikariDataSource]: HikariPool-1 - Start completed.
2023-07-04 12:53:49 WARN [com.zaxxer.hikari.pool.HikariPool]: HikariPool-1 - Thread starvation or clock leap detected (housekeeper delta=24m53s894ms329µs900ns).
2023-07-04 13:55:09 WARN [com.zaxxer.hikari.pool.HikariPool]: HikariPool-1 - Thread starvation or clock leap detected (housekeeper delta=16m19s206ms221µs900ns).
2023-07-04 15:14:19 WARN [com.zaxxer.hikari.pool.HikariPool]: HikariPool-1 - Thread starvation or clock leap detected (housekeeper delta=5m33s545ms172µs800ns).
2023-07-04 15:36:46 WARN [com.zaxxer.hikari.pool.HikariPool]: HikariPool-1 - Thread starvation or clock leap detected (housekeeper delta=7m26s675ms141µs900ns).
2023-07-04 18:56:14 INFO [com.example.yin.YinMusicApplication]: Starting YinMusicApplication using Java 11.0.18 on DESKTOP-LCUE70N with PID 19344 (E:\javaideaiu\class22\mic\music-server\target\classes started by 86158 in E:\javaideaiu\class22\mic\music-server)
2023-07-04 18:56:14 INFO [com.example.yin.YinMusicApplication]: No active profile set, falling back to default profiles: default
2023-07-04 18:56:14 INFO [org.springframework.boot.devtools.env.DevToolsPropertyDefaultsPostProcessor]: Devtools property defaults active! Set 'spring.devtools.add-properties' to 'false' to disable
2023-07-04 18:56:14 INFO [org.springframework.boot.devtools.env.DevToolsPropertyDefaultsPostProcessor]: For additional web related logging consider setting the 'logging.level.web' property to 'DEBUG'
2023-07-04 18:56:17 INFO [org.springframework.boot.web.embedded.tomcat.TomcatWebServer]: Tomcat initialized with port(s): 8888 (http)
2023-07-04 18:56:17 INFO [org.springframework.boot.web.servlet.context.ServletWebServerApplicationContext]: Root WebApplicationContext: initialization completed in 2773 ms
2023-07-04 18:56:17 INFO [org.springframework.boot.devtools.autoconfigure.OptionalLiveReloadServer]: LiveReload server is running on port 35729
2023-07-04 18:56:17 INFO [org.springframework.boot.web.embedded.tomcat.TomcatWebServer]: Tomcat started on port(s): 8888 (http) with context path ''
2023-07-04 18:56:17 INFO [com.example.yin.YinMusicApplication]: Started YinMusicApplication in 3.851 seconds (JVM running for 4.623)
2023-07-04 18:56:21 INFO [org.springframework.web.servlet.DispatcherServlet]: Initializing Servlet 'dispatcherServlet'
2023-07-04 18:56:21 INFO [org.springframework.web.servlet.DispatcherServlet]: Completed initialization in 0 ms
2023-07-04 18:56:21 INFO [com.zaxxer.hikari.HikariDataSource]: HikariPool-1 - Starting...
2023-07-04 18:56:22 INFO [com.zaxxer.hikari.HikariDataSource]: HikariPool-1 - Start completed.
2023-07-04 20:52:53 WARN [com.zaxxer.hikari.pool.HikariPool]: HikariPool-1 - Thread starvation or clock leap detected (housekeeper delta=1m29s469ms716µs900ns).
