2023-06-18 10:30:04 INFO [com.example.yin.YinMusicApplication]: Starting YinMusicApplication using Java 11.0.18 on DESKTOP-LCUE70N with PID 4792 (E:\javaideaiu\class22\mic\music-server\target\classes started by 86158 in E:\javaideaiu\class22\mic\music-server)
2023-06-18 10:30:04 INFO [com.example.yin.YinMusicApplication]: No active profile set, falling back to default profiles: default
2023-06-18 10:30:04 INFO [org.springframework.boot.devtools.env.DevToolsPropertyDefaultsPostProcessor]: Devtools property defaults active! Set 'spring.devtools.add-properties' to 'false' to disable
2023-06-18 10:30:04 INFO [org.springframework.boot.devtools.env.DevToolsPropertyDefaultsPostProcessor]: For additional web related logging consider setting the 'logging.level.web' property to 'DEBUG'
2023-06-18 10:30:05 INFO [org.springframework.boot.web.embedded.tomcat.TomcatWebServer]: Tomcat initialized with port(s): 8888 (http)
2023-06-18 10:30:05 INFO [org.springframework.boot.web.servlet.context.ServletWebServerApplicationContext]: Root WebApplicationContext: initialization completed in 1592 ms
2023-06-18 10:30:06 INFO [org.springframework.boot.devtools.autoconfigure.OptionalLiveReloadServer]: LiveReload server is running on port 35729
2023-06-18 10:30:06 INFO [org.springframework.boot.web.embedded.tomcat.TomcatWebServer]: Tomcat started on port(s): 8888 (http) with context path ''
2023-06-18 10:30:06 INFO [com.example.yin.YinMusicApplication]: Started YinMusicApplication in 2.391 seconds (JVM running for 4.107)
2023-06-18 10:30:57 INFO [org.springframework.web.servlet.DispatcherServlet]: Initializing Servlet 'dispatcherServlet'
2023-06-18 10:30:57 INFO [org.springframework.web.servlet.DispatcherServlet]: Completed initialization in 0 ms
2023-06-18 10:30:57 INFO [com.zaxxer.hikari.HikariDataSource]: HikariPool-1 - Starting...
2023-06-18 10:30:57 INFO [com.zaxxer.hikari.HikariDataSource]: HikariPool-1 - Start completed.
2023-06-18 12:31:46 INFO [com.example.yin.YinMusicApplication]: Starting YinMusicApplication using Java 11.0.18 on DESKTOP-LCUE70N with PID 5952 (E:\javaideaiu\class22\mic\music-server\target\classes started by 86158 in E:\javaideaiu\class22\mic\music-server)
2023-06-18 12:31:46 INFO [com.example.yin.YinMusicApplication]: No active profile set, falling back to default profiles: default
2023-06-18 12:31:46 INFO [org.springframework.boot.devtools.env.DevToolsPropertyDefaultsPostProcessor]: Devtools property defaults active! Set 'spring.devtools.add-properties' to 'false' to disable
2023-06-18 12:31:46 INFO [org.springframework.boot.devtools.env.DevToolsPropertyDefaultsPostProcessor]: For additional web related logging consider setting the 'logging.level.web' property to 'DEBUG'
2023-06-18 12:31:47 INFO [org.springframework.boot.web.embedded.tomcat.TomcatWebServer]: Tomcat initialized with port(s): 8888 (http)
2023-06-18 12:31:47 INFO [org.springframework.boot.web.servlet.context.ServletWebServerApplicationContext]: Root WebApplicationContext: initialization completed in 1532 ms
2023-06-18 12:31:48 INFO [org.springframework.boot.devtools.autoconfigure.OptionalLiveReloadServer]: LiveReload server is running on port 35729
2023-06-18 12:31:48 INFO [org.springframework.boot.web.embedded.tomcat.TomcatWebServer]: Tomcat started on port(s): 8888 (http) with context path ''
2023-06-18 12:31:48 INFO [com.example.yin.YinMusicApplication]: Started YinMusicApplication in 2.374 seconds (JVM running for 4.07)
2023-06-18 12:49:52 INFO [com.example.yin.YinMusicApplication]: Starting YinMusicApplication using Java 11.0.18 on DESKTOP-LCUE70N with PID 17568 (E:\javaideaiu\class22\mic\music-server\target\classes started by 86158 in E:\javaideaiu\class22\mic\music-server)
2023-06-18 12:49:52 INFO [com.example.yin.YinMusicApplication]: No active profile set, falling back to default profiles: default
2023-06-18 12:49:52 INFO [org.springframework.boot.devtools.env.DevToolsPropertyDefaultsPostProcessor]: Devtools property defaults active! Set 'spring.devtools.add-properties' to 'false' to disable
2023-06-18 12:49:52 INFO [org.springframework.boot.devtools.env.DevToolsPropertyDefaultsPostProcessor]: For additional web related logging consider setting the 'logging.level.web' property to 'DEBUG'
2023-06-18 12:49:53 INFO [org.springframework.boot.web.embedded.tomcat.TomcatWebServer]: Tomcat initialized with port(s): 8888 (http)
2023-06-18 12:49:53 INFO [org.springframework.boot.web.servlet.context.ServletWebServerApplicationContext]: Root WebApplicationContext: initialization completed in 1000 ms
2023-06-18 12:49:53 INFO [org.springframework.boot.devtools.autoconfigure.OptionalLiveReloadServer]: LiveReload server is running on port 35729
2023-06-18 12:49:53 INFO [org.springframework.boot.web.embedded.tomcat.TomcatWebServer]: Tomcat started on port(s): 8888 (http) with context path ''
2023-06-18 12:49:53 INFO [com.example.yin.YinMusicApplication]: Started YinMusicApplication in 1.664 seconds (JVM running for 2.715)
2023-06-18 12:49:59 INFO [org.springframework.web.servlet.DispatcherServlet]: Initializing Servlet 'dispatcherServlet'
2023-06-18 12:49:59 INFO [org.springframework.web.servlet.DispatcherServlet]: Completed initialization in 0 ms
2023-06-18 12:49:59 INFO [com.zaxxer.hikari.HikariDataSource]: HikariPool-1 - Starting...
2023-06-18 12:50:00 INFO [com.zaxxer.hikari.HikariDataSource]: HikariPool-1 - Start completed.
