2023-06-21 10:56:10 INFO [com.example.yin.YinMusicApplication]: Starting YinMusicApplication using Java 11.0.18 on DESKTOP-LCUE70N with PID 14196 (E:\javaideaiu\class22\mic\music-server\target\classes started by 86158 in E:\javaideaiu\class22\mic\music-server)
2023-06-21 10:56:10 INFO [com.example.yin.YinMusicApplication]: No active profile set, falling back to default profiles: default
2023-06-21 10:56:10 INFO [org.springframework.boot.devtools.env.DevToolsPropertyDefaultsPostProcessor]: Devtools property defaults active! Set 'spring.devtools.add-properties' to 'false' to disable
2023-06-21 10:56:10 INFO [org.springframework.boot.devtools.env.DevToolsPropertyDefaultsPostProcessor]: For additional web related logging consider setting the 'logging.level.web' property to 'DEBUG'
2023-06-21 10:56:12 INFO [org.springframework.boot.web.embedded.tomcat.TomcatWebServer]: Tomcat initialized with port(s): 8888 (http)
2023-06-21 10:56:12 INFO [org.springframework.boot.web.servlet.context.ServletWebServerApplicationContext]: Root WebApplicationContext: initialization completed in 1500 ms
2023-06-21 10:56:12 INFO [org.springframework.boot.devtools.autoconfigure.OptionalLiveReloadServer]: LiveReload server is running on port 35729
2023-06-21 10:56:12 INFO [org.springframework.boot.web.embedded.tomcat.TomcatWebServer]: Tomcat started on port(s): 8888 (http) with context path ''
2023-06-21 10:56:12 INFO [com.example.yin.YinMusicApplication]: Started YinMusicApplication in 2.331 seconds (JVM running for 4.073)
2023-06-21 11:00:24 INFO [org.springframework.web.servlet.DispatcherServlet]: Initializing Servlet 'dispatcherServlet'
2023-06-21 11:00:24 INFO [org.springframework.web.servlet.DispatcherServlet]: Completed initialization in 0 ms
2023-06-21 11:00:25 INFO [com.zaxxer.hikari.HikariDataSource]: HikariPool-1 - Starting...
2023-06-21 11:00:25 INFO [com.zaxxer.hikari.HikariDataSource]: HikariPool-1 - Start completed.
2023-06-21 19:05:41 INFO [com.example.yin.YinMusicApplication]: Starting YinMusicApplication using Java 11.0.18 on DESKTOP-LCUE70N with PID 10476 (E:\javaideaiu\class22\mic\music-server\target\classes started by 86158 in E:\javaideaiu\class22\mic\music-server)
2023-06-21 19:05:41 INFO [com.example.yin.YinMusicApplication]: No active profile set, falling back to default profiles: default
2023-06-21 19:05:41 INFO [org.springframework.boot.devtools.env.DevToolsPropertyDefaultsPostProcessor]: Devtools property defaults active! Set 'spring.devtools.add-properties' to 'false' to disable
2023-06-21 19:05:41 INFO [org.springframework.boot.devtools.env.DevToolsPropertyDefaultsPostProcessor]: For additional web related logging consider setting the 'logging.level.web' property to 'DEBUG'
2023-06-21 19:05:43 INFO [org.springframework.boot.web.embedded.tomcat.TomcatWebServer]: Tomcat initialized with port(s): 8888 (http)
2023-06-21 19:05:43 INFO [org.springframework.boot.web.servlet.context.ServletWebServerApplicationContext]: Root WebApplicationContext: initialization completed in 1571 ms
2023-06-21 19:05:43 INFO [org.springframework.boot.devtools.autoconfigure.OptionalLiveReloadServer]: LiveReload server is running on port 35729
2023-06-21 19:05:43 INFO [org.springframework.boot.web.embedded.tomcat.TomcatWebServer]: Tomcat started on port(s): 8888 (http) with context path ''
2023-06-21 19:05:43 INFO [com.example.yin.YinMusicApplication]: Started YinMusicApplication in 2.524 seconds (JVM running for 4.126)
2023-06-21 19:05:46 INFO [org.springframework.web.servlet.DispatcherServlet]: Initializing Servlet 'dispatcherServlet'
2023-06-21 19:05:46 INFO [org.springframework.web.servlet.DispatcherServlet]: Completed initialization in 0 ms
2023-06-21 19:05:46 INFO [com.zaxxer.hikari.HikariDataSource]: HikariPool-1 - Starting...
2023-06-21 19:05:46 INFO [com.zaxxer.hikari.HikariDataSource]: HikariPool-1 - Start completed.
