2023-06-25 10:27:58 INFO [com.example.yin.YinMusicApplication]: Starting YinMusicApplication using Java 11.0.18 on DESKTOP-LCUE70N with PID 5344 (E:\javaideaiu\class22\mic\music-server\target\classes started by 86158 in E:\javaideaiu\class22\mic\music-server)
2023-06-25 10:27:58 INFO [com.example.yin.YinMusicApplication]: No active profile set, falling back to default profiles: default
2023-06-25 10:27:58 INFO [org.springframework.boot.devtools.env.DevToolsPropertyDefaultsPostProcessor]: Devtools property defaults active! Set 'spring.devtools.add-properties' to 'false' to disable
2023-06-25 10:27:58 INFO [org.springframework.boot.devtools.env.DevToolsPropertyDefaultsPostProcessor]: For additional web related logging consider setting the 'logging.level.web' property to 'DEBUG'
2023-06-25 10:27:59 INFO [org.springframework.boot.web.embedded.tomcat.TomcatWebServer]: Tomcat initialized with port(s): 8888 (http)
2023-06-25 10:27:59 INFO [org.springframework.boot.web.servlet.context.ServletWebServerApplicationContext]: Root WebApplicationContext: initialization completed in 1702 ms
2023-06-25 10:28:00 INFO [org.springframework.boot.devtools.autoconfigure.OptionalLiveReloadServer]: LiveReload server is running on port 35729
2023-06-25 10:28:00 INFO [org.springframework.boot.web.embedded.tomcat.TomcatWebServer]: Tomcat started on port(s): 8888 (http) with context path ''
2023-06-25 10:28:00 INFO [com.example.yin.YinMusicApplication]: Started YinMusicApplication in 2.56 seconds (JVM running for 4.155)
2023-06-25 10:30:38 INFO [org.springframework.web.servlet.DispatcherServlet]: Initializing Servlet 'dispatcherServlet'
2023-06-25 10:30:38 INFO [org.springframework.web.servlet.DispatcherServlet]: Completed initialization in 0 ms
2023-06-25 10:30:39 INFO [com.zaxxer.hikari.HikariDataSource]: HikariPool-1 - Starting...
2023-06-25 10:30:40 INFO [com.zaxxer.hikari.HikariDataSource]: HikariPool-1 - Start completed.
2023-06-25 14:36:46 INFO [com.example.yin.YinMusicApplication]: Starting YinMusicApplication using Java 11.0.18 on DESKTOP-LCUE70N with PID 1940 (E:\javaideaiu\class22\mic\music-server\target\classes started by 86158 in E:\javaideaiu\class22\mic\music-server)
2023-06-25 14:36:46 INFO [com.example.yin.YinMusicApplication]: No active profile set, falling back to default profiles: default
2023-06-25 14:36:46 INFO [org.springframework.boot.devtools.env.DevToolsPropertyDefaultsPostProcessor]: Devtools property defaults active! Set 'spring.devtools.add-properties' to 'false' to disable
2023-06-25 14:36:46 INFO [org.springframework.boot.devtools.env.DevToolsPropertyDefaultsPostProcessor]: For additional web related logging consider setting the 'logging.level.web' property to 'DEBUG'
2023-06-25 14:36:48 INFO [org.springframework.boot.web.embedded.tomcat.TomcatWebServer]: Tomcat initialized with port(s): 8888 (http)
2023-06-25 14:36:48 INFO [org.springframework.boot.web.servlet.context.ServletWebServerApplicationContext]: Root WebApplicationContext: initialization completed in 1570 ms
2023-06-25 14:36:48 INFO [org.springframework.boot.devtools.autoconfigure.OptionalLiveReloadServer]: LiveReload server is running on port 35729
2023-06-25 14:36:48 INFO [org.springframework.boot.web.embedded.tomcat.TomcatWebServer]: Tomcat started on port(s): 8888 (http) with context path ''
2023-06-25 14:36:48 INFO [com.example.yin.YinMusicApplication]: Started YinMusicApplication in 2.446 seconds (JVM running for 4.248)
2023-06-25 14:37:35 INFO [org.springframework.web.servlet.DispatcherServlet]: Initializing Servlet 'dispatcherServlet'
2023-06-25 14:37:35 INFO [org.springframework.web.servlet.DispatcherServlet]: Completed initialization in 0 ms
2023-06-25 14:37:35 INFO [com.zaxxer.hikari.HikariDataSource]: HikariPool-1 - Starting...
2023-06-25 14:37:36 INFO [com.zaxxer.hikari.HikariDataSource]: HikariPool-1 - Start completed.
2023-06-25 20:25:51 INFO [com.example.yin.YinMusicApplication]: Starting YinMusicApplication using Java 11.0.18 on DESKTOP-LCUE70N with PID 11172 (E:\javaideaiu\class22\mic\music-server\target\classes started by 86158 in E:\javaideaiu\class22\mic\music-server)
2023-06-25 20:25:51 INFO [com.example.yin.YinMusicApplication]: No active profile set, falling back to default profiles: default
2023-06-25 20:25:51 INFO [org.springframework.boot.devtools.env.DevToolsPropertyDefaultsPostProcessor]: Devtools property defaults active! Set 'spring.devtools.add-properties' to 'false' to disable
2023-06-25 20:25:51 INFO [org.springframework.boot.devtools.env.DevToolsPropertyDefaultsPostProcessor]: For additional web related logging consider setting the 'logging.level.web' property to 'DEBUG'
2023-06-25 20:25:52 INFO [org.springframework.boot.web.embedded.tomcat.TomcatWebServer]: Tomcat initialized with port(s): 8888 (http)
2023-06-25 20:25:52 INFO [org.springframework.boot.web.servlet.context.ServletWebServerApplicationContext]: Root WebApplicationContext: initialization completed in 1582 ms
2023-06-25 20:25:53 INFO [org.springframework.boot.devtools.autoconfigure.OptionalLiveReloadServer]: LiveReload server is running on port 35729
2023-06-25 20:25:53 INFO [org.springframework.boot.web.embedded.tomcat.TomcatWebServer]: Tomcat started on port(s): 8888 (http) with context path ''
2023-06-25 20:25:53 INFO [com.example.yin.YinMusicApplication]: Started YinMusicApplication in 2.426 seconds (JVM running for 4.072)
2023-06-25 20:26:17 INFO [org.springframework.web.servlet.DispatcherServlet]: Initializing Servlet 'dispatcherServlet'
2023-06-25 20:26:17 INFO [org.springframework.web.servlet.DispatcherServlet]: Completed initialization in 0 ms
2023-06-25 20:26:18 INFO [com.zaxxer.hikari.HikariDataSource]: HikariPool-1 - Starting...
2023-06-25 20:26:18 INFO [com.zaxxer.hikari.HikariDataSource]: HikariPool-1 - Start completed.
